Could not read previous export (for caching), doing full export.
overlay: Exporting image
Bus_View_copy_12: Exporting image
Bus_View_copy_11: Exporting image
Bus_View_copy_10: Exporting image
Bus_View_copy_9: Exporting image
Bus_View_copy_8: Exporting image
Bus_View_copy_7: Exporting image
Bus_View_copy_6: Exporting image
Bus_View_copy_5: Exporting image
Bus_View_copy_4: Exporting image
Bus_View_copy_3: Exporting image
Bus_View_copy_2: Exporting image
Bus_View_copy: Exporting image
Bus_View: Exporting image
StationName: Exporting image
LiveBusBg: Exporting image
Bg: Exporting image
Station_Header: Exporting image
Group_1_copy_5: Exporting image
Group_1_copy_4: Exporting image
Group_1_copy_3: Exporting image
Group_1_copy_2: Exporting image
Group_1_copy: Exporting image
Group_1: Exporting image
Station_Header-2: Exporting image
Group_1_copy_2-2: Exporting image
Group_1-2: Exporting image
NavBar: Exporting image
Status_Bar: Exporting image
Line: Exporting image
StationsTab: Exporting image
Saved_Stations: Exporting image
38 views changed
Success: /Users/mostafa/Desktop/BaselBusFramer.framer/imported/final-version-framer
